<?xml version="1.0" encoding="UTF-8"?>
<robot generator="Robot 6.1.1 (Python 3.12.0 on win32)" generated="20231208 10:35:40.794" rpa="false" schemaversion="4">
<suite id="s1" name="Test Login Rf" source="C:\Users\owner\PycharmProjects\pythonProject\test_login_rf.robot">
<test id="s1-t1" name="Login to the system" line="48">
<kw name="Open login page">
<kw name="Open Browser" library="SeleniumLibrary">
<arg>${LOGIN URL}</arg>
<arg>${BROWSER}</arg>
<doc>Opens a new browser instance to the optional ``url``.</doc>
<msg timestamp="20231208 10:35:41.190" level="INFO">Opening browser 'Chrome' to base url 'https://scouts-test.futbolkolektyw.pl/en'.</msg>
<status status="PASS" starttime="20231208 10:35:41.189" endtime="20231208 10:35:50.074"/>
</kw>
<kw name="Title Should Be" library="SeleniumLibrary">
<arg>Scouts panel - sign in</arg>
<doc>Verifies that the current page title equals ``title``.</doc>
<msg timestamp="20231208 10:35:50.101" level="INFO">Page title is 'Scouts panel - sign in'.</msg>
<status status="PASS" starttime="20231208 10:35:50.074" endtime="20231208 10:35:50.101"/>
</kw>
<status status="PASS" starttime="20231208 10:35:41.189" endtime="20231208 10:35:50.101"/>
</kw>
<kw name="Type in email">
<kw name="Input Text" library="SeleniumLibrary">
<arg>${EMAILINPUT}</arg>
<arg>user10@getnada.com</arg>
<doc>Types the given ``text`` into the text field identified by ``locator``.</doc>
<msg timestamp="20231208 10:35:50.103" level="INFO">Typing text 'user10@getnada.com' into text field 'xpath=//*[@id='login']'.</msg>
<status status="PASS" starttime="20231208 10:35:50.102" endtime="20231208 10:35:50.407"/>
</kw>
<status status="PASS" starttime="20231208 10:35:50.102" endtime="20231208 10:35:50.407"/>
</kw>
<kw name="Type in password">
<kw name="Input Text" library="SeleniumLibrary">
<arg>${PASSWORDINPUT}</arg>
<arg>Test-1234</arg>
<doc>Types the given ``text`` into the text field identified by ``locator``.</doc>
<msg timestamp="20231208 10:35:50.409" level="INFO">Typing text 'Test-1234' into text field 'xpath=//*[@id='password']'.</msg>
<status status="PASS" starttime="20231208 10:35:50.408" endtime="20231208 10:35:50.582"/>
</kw>
<status status="PASS" starttime="20231208 10:35:50.408" endtime="20231208 10:35:50.583"/>
</kw>
<kw name="Click on the Sign in button">
<kw name="Click Element" library="SeleniumLibrary">
<arg>${SIGNINBUTTON}</arg>
<doc>Click the element identified by ``locator``.</doc>
<msg timestamp="20231208 10:35:50.584" level="INFO">Clicking element 'xpath=//button/span[1]'.</msg>
<status status="PASS" starttime="20231208 10:35:50.584" endtime="20231208 10:35:50.670"/>
</kw>
<status status="PASS" starttime="20231208 10:35:50.583" endtime="20231208 10:35:50.670"/>
</kw>
<kw name="Assert dashboard">
<kw name="Wait Until Element Is Visible" library="SeleniumLibrary">
<arg>${MAINPAGEBUTTON}</arg>
<arg>20s</arg>
<doc>Waits until the element ``locator`` is visible.</doc>
<status status="PASS" starttime="20231208 10:35:50.671" endtime="20231208 10:35:59.825"/>
</kw>
<kw name="Title Should Be" library="SeleniumLibrary">
<arg>Scouts panel</arg>
<doc>Verifies that the current page title equals ``title``.</doc>
<msg timestamp="20231208 10:35:59.832" level="INFO">Page title is 'Scouts panel'.</msg>
<status status="PASS" starttime="20231208 10:35:59.825" endtime="20231208 10:35:59.832"/>
</kw>
<kw name="Capture Page Screenshot" library="SeleniumLibrary">
<arg>alert.png</arg>
<doc>Takes a screenshot of the current page and embeds it into a log file.</doc>
<msg timestamp="20231208 10:36:00.188" level="INFO" html="true">&lt;/td&gt;&lt;/tr&gt;&lt;tr&gt;&lt;td colspan="3"&gt;&lt;a href="alert.png"&gt;&lt;img src="alert.png" width="800px"&gt;&lt;/a&gt;</msg>
<status status="PASS" starttime="20231208 10:35:59.832" endtime="20231208 10:36:00.188"/>
</kw>
<status status="PASS" starttime="20231208 10:35:50.670" endtime="20231208 10:36:00.188"/>
</kw>
<kw name="Close Browser" library="SeleniumLibrary" type="TEARDOWN">
<doc>Closes the current browser.</doc>
<status status="PASS" starttime="20231208 10:36:00.189" endtime="20231208 10:36:02.706"/>
</kw>
<status status="PASS" starttime="20231208 10:35:41.187" endtime="20231208 10:36:02.708"/>
</test>
<test id="s1-t2" name="Log in to the system with invalid password" line="56">
<kw name="Open login page">
<kw name="Open Browser" library="SeleniumLibrary">
<arg>${LOGIN URL}</arg>
<arg>${BROWSER}</arg>
<doc>Opens a new browser instance to the optional ``url``.</doc>
<msg timestamp="20231208 10:36:02.719" level="INFO">Opening browser 'Chrome' to base url 'https://scouts-test.futbolkolektyw.pl/en'.</msg>
<status status="PASS" starttime="20231208 10:36:02.716" endtime="20231208 10:36:07.193"/>
</kw>
<kw name="Title Should Be" library="SeleniumLibrary">
<arg>Scouts panel - sign in</arg>
<doc>Verifies that the current page title equals ``title``.</doc>
<msg timestamp="20231208 10:36:07.204" level="INFO">Page title is 'Scouts panel - sign in'.</msg>
<status status="PASS" starttime="20231208 10:36:07.193" endtime="20231208 10:36:07.205"/>
</kw>
<status status="PASS" starttime="20231208 10:36:02.715" endtime="20231208 10:36:07.205"/>
</kw>
<kw name="Type in email">
<kw name="Input Text" library="SeleniumLibrary">
<arg>${EMAILINPUT}</arg>
<arg>user10@getnada.com</arg>
<doc>Types the given ``text`` into the text field identified by ``locator``.</doc>
<msg timestamp="20231208 10:36:07.207" level="INFO">Typing text 'user10@getnada.com' into text field 'xpath=//*[@id='login']'.</msg>
<status status="PASS" starttime="20231208 10:36:07.206" endtime="20231208 10:36:07.484"/>
</kw>
<status status="PASS" starttime="20231208 10:36:07.205" endtime="20231208 10:36:07.484"/>
</kw>
<kw name="Type in incorrect password">
<kw name="Input Text" library="SeleniumLibrary">
<arg>${PASSWORDINPUT}</arg>
<arg>Test-123456</arg>
<doc>Types the given ``text`` into the text field identified by ``locator``.</doc>
<msg timestamp="20231208 10:36:07.486" level="INFO">Typing text 'Test-123456' into text field 'xpath=//*[@id='password']'.</msg>
<status status="PASS" starttime="20231208 10:36:07.485" endtime="20231208 10:36:07.658"/>
</kw>
<status status="PASS" starttime="20231208 10:36:07.484" endtime="20231208 10:36:07.658"/>
</kw>
<kw name="Click on the Sign in button">
<kw name="Click Element" library="SeleniumLibrary">
<arg>${SIGNINBUTTON}</arg>
<doc>Click the element identified by ``locator``.</doc>
<msg timestamp="20231208 10:36:07.660" level="INFO">Clicking element 'xpath=//button/span[1]'.</msg>
<status status="PASS" starttime="20231208 10:36:07.659" endtime="20231208 10:36:07.743"/>
</kw>
<status status="PASS" starttime="20231208 10:36:07.659" endtime="20231208 10:36:07.744"/>
</kw>
<kw name="Assert password error">
<kw name="Wait Until Element Is Visible" library="SeleniumLibrary">
<arg>${INVALID DATA CAPTION}</arg>
<arg>20s</arg>
<doc>Waits until the element ``locator`` is visible.</doc>
<status status="PASS" starttime="20231208 10:36:07.745" endtime="20231208 10:36:09.396"/>
</kw>
<kw name="Element Text Should Be" library="SeleniumLibrary">
<arg>${INVALID DATA CAPTION}</arg>
<arg>Identifier or password invalid.</arg>
<doc>Verifies that element ``locator`` contains exact the text ``expected``.</doc>
<msg timestamp="20231208 10:36:09.397" level="INFO">Verifying element 'xpath=//span[contains(@class, 'caption')]' contains exact text 'Identifier or password invalid.'.</msg>
<status status="PASS" starttime="20231208 10:36:09.396" endtime="20231208 10:36:09.435"/>
</kw>
<kw name="Capture Page Screenshot" library="SeleniumLibrary">
<arg>screenshots/login/password-error.png</arg>
<doc>Takes a screenshot of the current page and embeds it into a log file.</doc>
<msg timestamp="20231208 10:36:09.828" level="INFO" html="true">&lt;/td&gt;&lt;/tr&gt;&lt;tr&gt;&lt;td colspan="3"&gt;&lt;a href="screenshots/login/password-error.png"&gt;&lt;img src="screenshots/login/password-error.png" width="800px"&gt;&lt;/a&gt;</msg>
<status status="PASS" starttime="20231208 10:36:09.435" endtime="20231208 10:36:09.828"/>
</kw>
<status status="PASS" starttime="20231208 10:36:07.744" endtime="20231208 10:36:09.829"/>
</kw>
<kw name="Close Browser" library="SeleniumLibrary" type="TEARDOWN">
<doc>Closes the current browser.</doc>
<status status="PASS" starttime="20231208 10:36:09.829" endtime="20231208 10:36:12.221"/>
</kw>
<status status="PASS" starttime="20231208 10:36:02.713" endtime="20231208 10:36:12.221"/>
</test>
<test id="s1-t3" name="Log out of the system" line="64">
<kw name="Open login page">
<kw name="Open Browser" library="SeleniumLibrary">
<arg>${LOGIN URL}</arg>
<arg>${BROWSER}</arg>
<doc>Opens a new browser instance to the optional ``url``.</doc>
<msg timestamp="20231208 10:36:12.225" level="INFO">Opening browser 'Chrome' to base url 'https://scouts-test.futbolkolektyw.pl/en'.</msg>
<status status="PASS" starttime="20231208 10:36:12.224" endtime="20231208 10:36:16.964"/>
</kw>
<kw name="Title Should Be" library="SeleniumLibrary">
<arg>Scouts panel - sign in</arg>
<doc>Verifies that the current page title equals ``title``.</doc>
<msg timestamp="20231208 10:36:16.975" level="INFO">Page title is 'Scouts panel - sign in'.</msg>
<status status="PASS" starttime="20231208 10:36:16.964" endtime="20231208 10:36:16.975"/>
</kw>
<status status="PASS" starttime="20231208 10:36:12.224" endtime="20231208 10:36:16.975"/>
</kw>
<kw name="Type in email">
<kw name="Input Text" library="SeleniumLibrary">
<arg>${EMAILINPUT}</arg>
<arg>user10@getnada.com</arg>
<doc>Types the given ``text`` into the text field identified by ``locator``.</doc>
<msg timestamp="20231208 10:36:16.977" level="INFO">Typing text 'user10@getnada.com' into text field 'xpath=//*[@id='login']'.</msg>
<status status="PASS" starttime="20231208 10:36:16.976" endtime="20231208 10:36:17.254"/>
</kw>
<status status="PASS" starttime="20231208 10:36:16.976" endtime="20231208 10:36:17.254"/>
</kw>
<kw name="Type in password">
<kw name="Input Text" library="SeleniumLibrary">
<arg>${PASSWORDINPUT}</arg>
<arg>Test-1234</arg>
<doc>Types the given ``text`` into the text field identified by ``locator``.</doc>
<msg timestamp="20231208 10:36:17.257" level="INFO">Typing text 'Test-1234' into text field 'xpath=//*[@id='password']'.</msg>
<status status="PASS" starttime="20231208 10:36:17.255" endtime="20231208 10:36:17.427"/>
</kw>
<status status="PASS" starttime="20231208 10:36:17.254" endtime="20231208 10:36:17.427"/>
</kw>
<kw name="Click on the Sign in button">
<kw name="Click Element" library="SeleniumLibrary">
<arg>${SIGNINBUTTON}</arg>
<doc>Click the element identified by ``locator``.</doc>
<msg timestamp="20231208 10:36:17.429" level="INFO">Clicking element 'xpath=//button/span[1]'.</msg>
<status status="PASS" starttime="20231208 10:36:17.428" endtime="20231208 10:36:17.513"/>
</kw>
<status status="PASS" starttime="20231208 10:36:17.428" endtime="20231208 10:36:17.513"/>
</kw>
<kw name="Click on the Sign out button">
<kw name="Wait Until Element Is Visible" library="SeleniumLibrary">
<arg>${MAINPAGEBUTTON}</arg>
<arg>20s</arg>
<doc>Waits until the element ``locator`` is visible.</doc>
<status status="PASS" starttime="20231208 10:36:17.514" endtime="20231208 10:36:22.647"/>
</kw>
<kw name="Click Element" library="SeleniumLibrary">
<arg>${SIGNOUTBUTTON}</arg>
<doc>Click the element identified by ``locator``.</doc>
<msg timestamp="20231208 10:36:22.648" level="INFO">Clicking element 'xpath=//ul[2]//div[@role='button'][2]'.</msg>
<status status="PASS" starttime="20231208 10:36:22.647" endtime="20231208 10:36:22.737"/>
</kw>
<status status="PASS" starttime="20231208 10:36:17.513" endtime="20231208 10:36:22.738"/>
</kw>
<kw name="Assert login page">
<kw name="Wait Until Element Is Visible" library="SeleniumLibrary">
<arg>${LOGIN FORM}</arg>
<arg>20s</arg>
<doc>Waits until the element ``locator`` is visible.</doc>
<status status="PASS" starttime="20231208 10:36:22.739" endtime="20231208 10:36:22.782"/>
</kw>
<kw name="Title Should Be" library="SeleniumLibrary">
<arg>Scouts panel - sign in</arg>
<doc>Verifies that the current page title equals ``title``.</doc>
<msg timestamp="20231208 10:36:22.787" level="INFO">Page title is 'Scouts panel - sign in'.</msg>
<status status="PASS" starttime="20231208 10:36:22.782" endtime="20231208 10:36:22.787"/>
</kw>
<kw name="Capture Page Screenshot" library="SeleniumLibrary">
<arg>screenshots/login/login-page.png</arg>
<doc>Takes a screenshot of the current page and embeds it into a log file.</doc>
<msg timestamp="20231208 10:36:23.148" level="INFO" html="true">&lt;/td&gt;&lt;/tr&gt;&lt;tr&gt;&lt;td colspan="3"&gt;&lt;a href="screenshots/login/login-page.png"&gt;&lt;img src="screenshots/login/login-page.png" width="800px"&gt;&lt;/a&gt;</msg>
<status status="PASS" starttime="20231208 10:36:22.787" endtime="20231208 10:36:23.149"/>
</kw>
<status status="PASS" starttime="20231208 10:36:22.738" endtime="20231208 10:36:23.149"/>
</kw>
<kw name="Close Browser" library="SeleniumLibrary" type="TEARDOWN">
<doc>Closes the current browser.</doc>
<status status="PASS" starttime="20231208 10:36:23.149" endtime="20231208 10:36:26.226"/>
</kw>
<status status="PASS" starttime="20231208 10:36:12.223" endtime="20231208 10:36:26.228"/>
</test>
<test id="s1-t4" name="Change language to Polish" line="73">
<kw name="Open login page">
<kw name="Open Browser" library="SeleniumLibrary">
<arg>${LOGIN URL}</arg>
<arg>${BROWSER}</arg>
<doc>Opens a new browser instance to the optional ``url``.</doc>
<msg timestamp="20231208 10:36:26.242" level="INFO">Opening browser 'Chrome' to base url 'https://scouts-test.futbolkolektyw.pl/en'.</msg>
<status status="PASS" starttime="20231208 10:36:26.239" endtime="20231208 10:36:30.608"/>
</kw>
<kw name="Title Should Be" library="SeleniumLibrary">
<arg>Scouts panel - sign in</arg>
<doc>Verifies that the current page title equals ``title``.</doc>
<msg timestamp="20231208 10:36:30.620" level="INFO">Page title is 'Scouts panel - sign in'.</msg>
<status status="PASS" starttime="20231208 10:36:30.608" endtime="20231208 10:36:30.621"/>
</kw>
<status status="PASS" starttime="20231208 10:36:26.237" endtime="20231208 10:36:30.621"/>
</kw>
<kw name="Click on the Change language button">
<kw name="Click Element" library="SeleniumLibrary">
<arg>${LANGUAGELISTBOX}</arg>
<doc>Click the element identified by ``locator``.</doc>
<msg timestamp="20231208 10:36:30.623" level="INFO">Clicking element 'xpath=//div[2]/div/div'.</msg>
<status status="PASS" starttime="20231208 10:36:30.622" endtime="20231208 10:36:30.719"/>
</kw>
<kw name="Click Element" library="SeleniumLibrary">
<arg>${POLSKIOPTIONBUTTON}</arg>
<doc>Click the element identified by ``locator``.</doc>
<msg timestamp="20231208 10:36:30.720" level="INFO">Clicking element 'xpath=//div[3]/ul/li[1]'.</msg>
<status status="PASS" starttime="20231208 10:36:30.719" endtime="20231208 10:36:30.837"/>
</kw>
<status status="PASS" starttime="20231208 10:36:30.621" endtime="20231208 10:36:30.838"/>
</kw>
<kw name="Assert language change">
<kw name="Wait Until Element Is Visible" library="SeleniumLibrary">
<arg>${SIGNINBUTTON}</arg>
<arg>20s</arg>
<doc>Waits until the element ``locator`` is visible.</doc>
<status status="PASS" starttime="20231208 10:36:30.839" endtime="20231208 10:36:30.889"/>
</kw>
<kw name="Title Should Be" library="SeleniumLibrary">
<arg>Scouts panel - zaloguj</arg>
<doc>Verifies that the current page title equals ``title``.</doc>
<msg timestamp="20231208 10:36:30.896" level="INFO">Page title is 'Scouts panel - zaloguj'.</msg>
<status status="PASS" starttime="20231208 10:36:30.889" endtime="20231208 10:36:30.896"/>
</kw>
<status status="PASS" starttime="20231208 10:36:30.838" endtime="20231208 10:36:30.896"/>
</kw>
<kw name="Close Browser" library="SeleniumLibrary" type="TEARDOWN">
<doc>Closes the current browser.</doc>
<status status="PASS" starttime="20231208 10:36:30.897" endtime="20231208 10:36:33.257"/>
</kw>
<status status="PASS" starttime="20231208 10:36:26.234" endtime="20231208 10:36:33.259"/>
</test>
<test id="s1-t5" name="Add player" line="79">
<kw name="Open login page">
<kw name="Open Browser" library="SeleniumLibrary">
<arg>${LOGIN URL}</arg>
<arg>${BROWSER}</arg>
<doc>Opens a new browser instance to the optional ``url``.</doc>
<msg timestamp="20231208 10:36:33.263" level="INFO">Opening browser 'Chrome' to base url 'https://scouts-test.futbolkolektyw.pl/en'.</msg>
<status status="PASS" starttime="20231208 10:36:33.263" endtime="20231208 10:36:37.965"/>
</kw>
<kw name="Title Should Be" library="SeleniumLibrary">
<arg>Scouts panel - sign in</arg>
<doc>Verifies that the current page title equals ``title``.</doc>
<msg timestamp="20231208 10:36:37.977" level="INFO">Page title is 'Scouts panel - sign in'.</msg>
<status status="PASS" starttime="20231208 10:36:37.966" endtime="20231208 10:36:37.977"/>
</kw>
<status status="PASS" starttime="20231208 10:36:33.262" endtime="20231208 10:36:37.977"/>
</kw>
<kw name="Type in email">
<kw name="Input Text" library="SeleniumLibrary">
<arg>${EMAILINPUT}</arg>
<arg>user10@getnada.com</arg>
<doc>Types the given ``text`` into the text field identified by ``locator``.</doc>
<msg timestamp="20231208 10:36:37.981" level="INFO">Typing text 'user10@getnada.com' into text field 'xpath=//*[@id='login']'.</msg>
<status status="PASS" starttime="20231208 10:36:37.979" endtime="20231208 10:36:38.254"/>
</kw>
<status status="PASS" starttime="20231208 10:36:37.978" endtime="20231208 10:36:38.254"/>
</kw>
<kw name="Type in password">
<kw name="Input Text" library="SeleniumLibrary">
<arg>${PASSWORDINPUT}</arg>
<arg>Test-1234</arg>
<doc>Types the given ``text`` into the text field identified by ``locator``.</doc>
<msg timestamp="20231208 10:36:38.255" level="INFO">Typing text 'Test-1234' into text field 'xpath=//*[@id='password']'.</msg>
<status status="PASS" starttime="20231208 10:36:38.254" endtime="20231208 10:36:38.420"/>
</kw>
<status status="PASS" starttime="20231208 10:36:38.254" endtime="20231208 10:36:38.421"/>
</kw>
<kw name="Click on the Sign in button">
<kw name="Click Element" library="SeleniumLibrary">
<arg>${SIGNINBUTTON}</arg>
<doc>Click the element identified by ``locator``.</doc>
<msg timestamp="20231208 10:36:38.422" level="INFO">Clicking element 'xpath=//button/span[1]'.</msg>
<status status="PASS" starttime="20231208 10:36:38.422" endtime="20231208 10:36:38.505"/>
</kw>
<status status="PASS" starttime="20231208 10:36:38.421" endtime="20231208 10:36:38.505"/>
</kw>
<kw name="Click On Add Player Button">
<kw name="Wait Until Element Is Visible" library="SeleniumLibrary">
<arg>${ADDPLAYERBUTTON}</arg>
<arg>20s</arg>
<doc>Waits until the element ``locator`` is visible.</doc>
<status status="PASS" starttime="20231208 10:36:38.506" endtime="20231208 10:36:44.373"/>
</kw>
<kw name="Click Element" library="SeleniumLibrary">
<arg>${ADDPLAYERBUTTON}</arg>
<doc>Click the element identified by ``locator``.</doc>
<msg timestamp="20231208 10:36:44.373" level="INFO">Clicking element 'xpath=//*[(text()='Add player')]'.</msg>
<status status="PASS" starttime="20231208 10:36:44.373" endtime="20231208 10:36:44.443"/>
</kw>
<status status="PASS" starttime="20231208 10:36:38.505" endtime="20231208 10:36:44.443"/>
</kw>
<kw name="Type In Players Email">
<kw name="Wait Until Element Is Visible" library="SeleniumLibrary">
<arg>${PLAYEREMAILINPUT}</arg>
<doc>Waits until the element ``locator`` is visible.</doc>
<status status="PASS" starttime="20231208 10:36:44.444" endtime="20231208 10:36:45.541"/>
</kw>
<kw name="Input Text" library="SeleniumLibrary">
<arg>${PLAYEREMAILINPUT}</arg>
<arg>John.test@test.com</arg>
<doc>Types the given ``text`` into the text field identified by ``locator``.</doc>
<msg timestamp="20231208 10:36:45.542" level="INFO">Typing text 'John.test@test.com' into text field 'xpath=//*[@name='email']'.</msg>
<status status="PASS" starttime="20231208 10:36:45.542" endtime="20231208 10:36:45.772"/>
</kw>
<status status="PASS" starttime="20231208 10:36:44.443" endtime="20231208 10:36:45.772"/>
</kw>
<kw name="Type In Name">
<kw name="Input Text" library="SeleniumLibrary">
<arg>${NAMEINPUT}</arg>
<arg>John</arg>
<doc>Types the given ``text`` into the text field identified by ``locator``.</doc>
<msg timestamp="20231208 10:36:45.774" level="INFO">Typing text 'John' into text field 'xpath=//*[@name='name']'.</msg>
<status status="PASS" starttime="20231208 10:36:45.773" endtime="20231208 10:36:45.930"/>
</kw>
<status status="PASS" starttime="20231208 10:36:45.773" endtime="20231208 10:36:45.930"/>
</kw>
<kw name="Type In Surname">
<kw name="Input Text" library="SeleniumLibrary">
<arg>${SURNAMEINPUT}</arg>
<arg>Smith</arg>
<doc>Types the given ``text`` into the text field identified by ``locator``.</doc>
<msg timestamp="20231208 10:36:45.933" level="INFO">Typing text 'Smith' into text field 'xpath=//*[@name='surname']'.</msg>
<status status="PASS" starttime="20231208 10:36:45.931" endtime="20231208 10:36:46.092"/>
</kw>
<status status="PASS" starttime="20231208 10:36:45.931" endtime="20231208 10:36:46.092"/>
</kw>
<kw name="Type In Phone">
<kw name="Input Text" library="SeleniumLibrary">
<arg>${PHONEINPUT}</arg>
<arg>99999999</arg>
<doc>Types the given ``text`` into the text field identified by ``locator``.</doc>
<msg timestamp="20231208 10:36:46.094" level="INFO">Typing text '99999999' into text field 'xpath=//*[@name='phone']'.</msg>
<status status="PASS" starttime="20231208 10:36:46.093" endtime="20231208 10:36:46.271"/>
</kw>
<status status="PASS" starttime="20231208 10:36:46.093" endtime="20231208 10:36:46.272"/>
</kw>
<kw name="Type In Weight">
<kw name="Input Text" library="SeleniumLibrary">
<arg>${WEIGHTIPUT}</arg>
<arg>64</arg>
<doc>Types the given ``text`` into the text field identified by ``locator``.</doc>
<msg timestamp="20231208 10:36:46.273" level="INFO">Typing text '64' into text field 'xpath=//*[@name='weight']'.</msg>
<status status="PASS" starttime="20231208 10:36:46.273" endtime="20231208 10:36:46.424"/>
</kw>
<status status="PASS" starttime="20231208 10:36:46.272" endtime="20231208 10:36:46.424"/>
</kw>
<kw name="Type In Height">
<kw name="Input Text" library="SeleniumLibrary">
<arg>${HEIGHTINPUT}</arg>
<arg>178</arg>
<doc>Types the given ``text`` into the text field identified by ``locator``.</doc>
<msg timestamp="20231208 10:36:46.426" level="INFO">Typing text '178' into text field 'xpath=//*[@name='height']'.</msg>
<status status="PASS" starttime="20231208 10:36:46.425" endtime="20231208 10:36:46.581"/>
</kw>
<status status="PASS" starttime="20231208 10:36:46.425" endtime="20231208 10:36:46.581"/>
</kw>
<kw name="Type In Age">
<kw name="Input Text" library="SeleniumLibrary">
<arg>${AGEINPUT}</arg>
<arg>01.01.1999</arg>
<doc>Types the given ``text`` into the text field identified by ``locator``.</doc>
<msg timestamp="20231208 10:36:46.584" level="INFO">Typing text '01.01.1999' into text field 'xpath=//*[@name='age']'.</msg>
<status status="PASS" starttime="20231208 10:36:46.583" endtime="20231208 10:36:46.728"/>
</kw>
<status status="PASS" starttime="20231208 10:36:46.582" endtime="20231208 10:36:46.728"/>
</kw>
<kw name="Select Leg">
<kw name="Click Element" library="SeleniumLibrary">
<arg>${LEGDROPDOWN}</arg>
<doc>Click the element identified by ``locator``.</doc>
<msg timestamp="20231208 10:36:46.729" level="INFO">Clicking element 'xpath=//*[@id='mui-component-select-leg']'.</msg>
<status status="PASS" starttime="20231208 10:36:46.729" endtime="20231208 10:36:46.825"/>
</kw>
<kw name="Wait Until Element Is Visible" library="SeleniumLibrary">
<arg>${RIGHTLEG}</arg>
<doc>Waits until the element ``locator`` is visible.</doc>
<status status="PASS" starttime="20231208 10:36:46.825" endtime="20231208 10:36:46.862"/>
</kw>
<kw name="Click Element" library="SeleniumLibrary">
<arg>${RIGHTLEG}</arg>
<doc>Click the element identified by ``locator``.</doc>
<msg timestamp="20231208 10:36:46.863" level="INFO">Clicking element 'xpath=//li[1]'.</msg>
<status status="PASS" starttime="20231208 10:36:46.862" endtime="20231208 10:36:46.947"/>
</kw>
<status status="PASS" starttime="20231208 10:36:46.729" endtime="20231208 10:36:46.948"/>
</kw>
<kw name="Type In Club">
<kw name="Input Text" library="SeleniumLibrary">
<arg>${CLUBINPUT}</arg>
<arg>FC Barca</arg>
<doc>Types the given ``text`` into the text field identified by ``locator``.</doc>
<msg timestamp="20231208 10:36:46.953" level="INFO">Typing text 'FC Barca' into text field 'xpath=//*[@name='club']'.</msg>
<status status="PASS" starttime="20231208 10:36:46.952" endtime="20231208 10:36:47.144"/>
</kw>
<status status="PASS" starttime="20231208 10:36:46.951" endtime="20231208 10:36:47.144"/>
</kw>
<kw name="Type In Level">
<kw name="Input Text" library="SeleniumLibrary">
<arg>${LEVELINPUT}</arg>
<arg>5</arg>
<doc>Types the given ``text`` into the text field identified by ``locator``.</doc>
<msg timestamp="20231208 10:36:47.153" level="INFO">Typing text '5' into text field 'xpath=//*[@name='level']'.</msg>
<status status="PASS" starttime="20231208 10:36:47.152" endtime="20231208 10:36:47.295"/>
</kw>
<status status="PASS" starttime="20231208 10:36:47.152" endtime="20231208 10:36:47.295"/>
</kw>
<kw name="Type In Main Position">
<kw name="Input Text" library="SeleniumLibrary">
<arg>${MAINPOSITIONINPUT}</arg>
<arg>goalkeeper</arg>
<doc>Types the given ``text`` into the text field identified by ``locator``.</doc>
<msg timestamp="20231208 10:36:47.298" level="INFO">Typing text 'goalkeeper' into text field 'xpath=//*[@name='mainPosition']'.</msg>
<status status="PASS" starttime="20231208 10:36:47.296" endtime="20231208 10:36:47.484"/>
</kw>
<status status="PASS" starttime="20231208 10:36:47.296" endtime="20231208 10:36:47.484"/>
</kw>
<kw name="Type In Second Position">
<kw name="Input Text" library="SeleniumLibrary">
<arg>${SECONDPOSITIONINPUT}</arg>
<arg>Striker</arg>
<doc>Types the given ``text`` into the text field identified by ``locator``.</doc>
<msg timestamp="20231208 10:36:47.486" level="INFO">Typing text 'Striker' into text field 'xpath=//*[@name='secondPosition']'.</msg>
<status status="PASS" starttime="20231208 10:36:47.485" endtime="20231208 10:36:47.655"/>
</kw>
<status status="PASS" starttime="20231208 10:36:47.485" endtime="20231208 10:36:47.655"/>
</kw>
<kw name="Select District">
<kw name="Click Element" library="SeleniumLibrary">
<arg>${DISTRICTDROPDOWN}</arg>
<doc>Click the element identified by ``locator``.</doc>
<msg timestamp="20231208 10:36:47.657" level="INFO">Clicking element 'xpath=//*[@id='mui-component-select-district']'.</msg>
<status status="PASS" starttime="20231208 10:36:47.656" endtime="20231208 10:36:47.771"/>
</kw>
<kw name="Wait Until Element Is Visible" library="SeleniumLibrary">
<arg>${SILESIADISTRICT}</arg>
<doc>Waits until the element ``locator`` is visible.</doc>
<status status="PASS" starttime="20231208 10:36:47.772" endtime="20231208 10:36:47.813"/>
</kw>
<kw name="Click Element" library="SeleniumLibrary">
<arg>${SILESIADISTRICT}</arg>
<doc>Click the element identified by ``locator``.</doc>
<msg timestamp="20231208 10:36:47.814" level="INFO">Clicking element 'xpath=//*[@data-value='slaskie']'.</msg>
<status status="PASS" starttime="20231208 10:36:47.813" endtime="20231208 10:36:47.909"/>
</kw>
<status status="PASS" starttime="20231208 10:36:47.656" endtime="20231208 10:36:47.909"/>
</kw>
<kw name="Type In Achievements">
<kw name="Input Text" library="SeleniumLibrary">
<arg>${ACHIEVEMENTSINPUT}</arg>
<arg>NA</arg>
<doc>Types the given ``text`` into the text field identified by ``locator``.</doc>
<msg timestamp="20231208 10:36:47.912" level="INFO">Typing text 'NA' into text field 'xpath=//*[@name='achievements']'.</msg>
<status status="PASS" starttime="20231208 10:36:47.910" endtime="20231208 10:36:48.088"/>
</kw>
<status status="PASS" starttime="20231208 10:36:47.910" endtime="20231208 10:36:48.088"/>
</kw>
<kw name="Click On Add Language Button">
<kw name="Click Element" library="SeleniumLibrary">
<arg>${ADDLANGUAGEBUTTON}</arg>
<doc>Click the element identified by ``locator``.</doc>
<msg timestamp="20231208 10:36:48.089" level="INFO">Clicking element 'xpath=//*/div[2]/div/div[15]/button'.</msg>
<status status="PASS" starttime="20231208 10:36:48.089" endtime="20231208 10:36:48.370"/>
</kw>
<status status="PASS" starttime="20231208 10:36:48.088" endtime="20231208 10:36:48.371"/>
</kw>
<kw name="Type In Language">
<kw name="Input Text" library="SeleniumLibrary">
<arg>${LANGUAGEINPUT}</arg>
<arg>English</arg>
<doc>Types the given ``text`` into the text field identified by ``locator``.</doc>
<msg timestamp="20231208 10:36:48.373" level="INFO">Typing text 'English' into text field 'xpath=//*/div[15]/div/div/div/input'.</msg>
<status status="PASS" starttime="20231208 10:36:48.372" endtime="20231208 10:36:48.537"/>
</kw>
<status status="PASS" starttime="20231208 10:36:48.372" endtime="20231208 10:36:48.537"/>
</kw>
<kw name="Type In Laczy Nas Pilka">
<kw name="Input Text" library="SeleniumLibrary">
<arg>${LACZYNASPILKAINPUT}</arg>
<arg>www.laczynaspilka.pl</arg>
<doc>Types the given ``text`` into the text field identified by ``locator``.</doc>
<msg timestamp="20231208 10:36:48.541" level="INFO">Typing text 'www.laczynaspilka.pl' into text field 'xpath=//*[@name='webLaczy']'.</msg>
<status status="PASS" starttime="20231208 10:36:48.540" endtime="20231208 10:36:48.795"/>
</kw>
<status status="PASS" starttime="20231208 10:36:48.539" endtime="20231208 10:36:48.795"/>
</kw>
<kw name="Type In 90 Minut">
<kw name="Input Text" library="SeleniumLibrary">
<arg>${DZIEWIECDZIESIATMINUTINPUT}</arg>
<arg>www.90minut.pl</arg>
<doc>Types the given ``text`` into the text field identified by ``locator``.</doc>
<msg timestamp="20231208 10:36:48.799" level="INFO">Typing text 'www.90minut.pl' into text field 'xpath=//*[@name='web90']'.</msg>
<status status="PASS" starttime="20231208 10:36:48.797" endtime="20231208 10:36:49.007"/>
</kw>
<status status="PASS" starttime="20231208 10:36:48.797" endtime="20231208 10:36:49.007"/>
</kw>
<kw name="Type In Facebook">
<kw name="Input Text" library="SeleniumLibrary">
<arg>${FACEBOOKINPUT}</arg>
<arg>www.facebook.com</arg>
<doc>Types the given ``text`` into the text field identified by ``locator``.</doc>
<msg timestamp="20231208 10:36:49.008" level="INFO">Typing text 'www.facebook.com' into text field 'xpath=//*[@name='webFB']'.</msg>
<status status="PASS" starttime="20231208 10:36:49.008" endtime="20231208 10:36:49.217"/>
</kw>
<status status="PASS" starttime="20231208 10:36:49.007" endtime="20231208 10:36:49.217"/>
</kw>
<kw name="Click On Add Link To Youtube Button">
<kw name="Click Element" library="SeleniumLibrary">
<arg>${ADDLINKTOYOUTUBEBUTTON}</arg>
<doc>Click the element identified by ``locator``.</doc>
<msg timestamp="20231208 10:36:49.219" level="INFO">Clicking element 'xpath=//*/div[2]/div/div[19]/button'.</msg>
<status status="PASS" starttime="20231208 10:36:49.219" endtime="20231208 10:36:49.302"/>
</kw>
<status status="PASS" starttime="20231208 10:36:49.218" endtime="20231208 10:36:49.302"/>
</kw>
<kw name="Type In Link To Youtube">
<kw name="Input Text" library="SeleniumLibrary">
<arg>${LINKTOYOUTUBEINPUT}</arg>
<arg>www.youtube.com</arg>
<doc>Types the given ``text`` into the text field identified by ``locator``.</doc>
<msg timestamp="20231208 10:36:49.305" level="INFO">Typing text 'www.youtube.com' into text field 'xpath=//*/div[19]/div/div/div/input'.</msg>
<status status="PASS" starttime="20231208 10:36:49.304" endtime="20231208 10:36:49.520"/>
</kw>
<status status="PASS" starttime="20231208 10:36:49.303" endtime="20231208 10:36:49.520"/>
</kw>
<kw name="Click On Submit Button">
<kw name="Click Element" library="SeleniumLibrary">
<arg>${SUBMITBUTTON}</arg>
<doc>Click the element identified by ``locator``.</doc>
<msg timestamp="20231208 10:36:49.523" level="INFO">Clicking element 'xpath=//*[@type='submit']'.</msg>
<status status="PASS" starttime="20231208 10:36:49.521" endtime="20231208 10:36:49.624"/>
</kw>
<status status="PASS" starttime="20231208 10:36:49.521" endtime="20231208 10:36:49.624"/>
</kw>
<kw name="Assert Edit Page">
<kw name="Wait Until Location Is Not" library="SeleniumLibrary">
<arg>https://scouts-test.futbolkolektyw.pl/en/players/add</arg>
<doc>Waits until the current URL is not ``location``.</doc>
<status status="PASS" starttime="20231208 10:36:49.625" endtime="20231208 10:36:51.121"/>
</kw>
<kw name="Title Should Be" library="SeleniumLibrary">
<arg>Edit player John Smith</arg>
<doc>Verifies that the current page title equals ``title``.</doc>
<msg timestamp="20231208 10:36:51.129" level="INFO">Page title is 'Edit player John Smith'.</msg>
<status status="PASS" starttime="20231208 10:36:51.122" endtime="20231208 10:36:51.129"/>
</kw>
<kw name="Capture Page Screenshot" library="SeleniumLibrary">
<arg>alert.png</arg>
<doc>Takes a screenshot of the current page and embeds it into a log file.</doc>
<msg timestamp="20231208 10:36:51.515" level="INFO" html="true">&lt;/td&gt;&lt;/tr&gt;&lt;tr&gt;&lt;td colspan="3"&gt;&lt;a href="alert.png"&gt;&lt;img src="alert.png" width="800px"&gt;&lt;/a&gt;</msg>
<status status="PASS" starttime="20231208 10:36:51.129" endtime="20231208 10:36:51.516"/>
</kw>
<status status="PASS" starttime="20231208 10:36:49.625" endtime="20231208 10:36:51.516"/>
</kw>
<kw name="Close Browser" library="SeleniumLibrary" type="TEARDOWN">
<doc>Closes the current browser.</doc>
<status status="PASS" starttime="20231208 10:36:51.517" endtime="20231208 10:36:53.987"/>
</kw>
<status status="PASS" starttime="20231208 10:36:33.262" endtime="20231208 10:36:53.989"/>
</test>
<doc>Suite description #automated tests for scout website</doc>
<status status="PASS" starttime="20231208 10:35:40.797" endtime="20231208 10:36:53.997"/>
</suite>
<statistics>
<total>
<stat pass="5" fail="0" skip="0">All Tests</stat>
</total>
<tag>
</tag>
<suite>
<stat pass="5" fail="0" skip="0" id="s1" name="Test Login Rf">Test Login Rf</stat>
</suite>
</statistics>
<errors>
</errors>
</robot>
