<?xml version="1.0" encoding="UTF-8"?>
<robot generator="Robot 6.1.1 (Python 3.12.0 on win32)" generated="20231207 12:13:30.972" rpa="false" schemaversion="4">
<suite id="s1" name="Test Login Rf" source="C:\Users\owner\PycharmProjects\pythonProject\test_login_rf.robot">
<test id="s1-t1" name="Login to the system" line="48">
<kw name="Open login page">
<kw name="Open Browser" library="SeleniumLibrary">
<arg>${LOGIN URL}</arg>
<arg>${BROWSER}</arg>
<doc>Opens a new browser instance to the optional ``url``.</doc>
<msg timestamp="20231207 12:13:31.383" level="INFO">Opening browser 'Chrome' to base url 'https://scouts-test.futbolkolektyw.pl/en'.</msg>
<status status="PASS" starttime="20231207 12:13:31.382" endtime="20231207 12:13:36.871"/>
</kw>
<kw name="Title Should Be" library="SeleniumLibrary">
<arg>Scouts panel - sign in</arg>
<doc>Verifies that the current page title equals ``title``.</doc>
<msg timestamp="20231207 12:13:36.880" level="INFO">Page title is 'Scouts panel - sign in'.</msg>
<status status="PASS" starttime="20231207 12:13:36.871" endtime="20231207 12:13:36.880"/>
</kw>
<status status="PASS" starttime="20231207 12:13:31.382" endtime="20231207 12:13:36.880"/>
</kw>
<kw name="Type in email">
<kw name="Input Text" library="SeleniumLibrary">
<arg>${EMAILINPUT}</arg>
<arg>user10@getnada.com</arg>
<doc>Types the given ``text`` into the text field identified by ``locator``.</doc>
<msg timestamp="20231207 12:13:36.884" level="INFO">Typing text 'user10@getnada.com' into text field 'xpath=//*[@id='login']'.</msg>
<status status="PASS" starttime="20231207 12:13:36.882" endtime="20231207 12:13:37.240"/>
</kw>
<status status="PASS" starttime="20231207 12:13:36.881" endtime="20231207 12:13:37.240"/>
</kw>
<kw name="Type in password">
<kw name="Input Text" library="SeleniumLibrary">
<arg>${PASSWORDINPUT}</arg>
<arg>Test-1234</arg>
<doc>Types the given ``text`` into the text field identified by ``locator``.</doc>
<msg timestamp="20231207 12:13:37.242" level="INFO">Typing text 'Test-1234' into text field 'xpath=//*[@id='password']'.</msg>
<status status="PASS" starttime="20231207 12:13:37.241" endtime="20231207 12:13:37.444"/>
</kw>
<status status="PASS" starttime="20231207 12:13:37.241" endtime="20231207 12:13:37.444"/>
</kw>
<kw name="Click on the Sign in button">
<kw name="Click Element" library="SeleniumLibrary">
<arg>${SIGNINBUTTON}</arg>
<doc>Click the element identified by ``locator``.</doc>
<msg timestamp="20231207 12:13:37.447" level="INFO">Clicking element 'xpath=//button/span[1]'.</msg>
<status status="PASS" starttime="20231207 12:13:37.446" endtime="20231207 12:13:37.555"/>
</kw>
<status status="PASS" starttime="20231207 12:13:37.446" endtime="20231207 12:13:37.555"/>
</kw>
<kw name="Assert dashboard">
<kw name="Wait Until Element Is Visible" library="SeleniumLibrary">
<arg>${MAINPAGEBUTTON}</arg>
<arg>10s</arg>
<doc>Waits until the element ``locator`` is visible.</doc>
<status status="PASS" starttime="20231207 12:13:37.557" endtime="20231207 12:13:47.467"/>
</kw>
<kw name="Title Should Be" library="SeleniumLibrary">
<arg>Scouts panel</arg>
<doc>Verifies that the current page title equals ``title``.</doc>
<msg timestamp="20231207 12:13:47.474" level="INFO">Page title is 'Scouts panel'.</msg>
<status status="PASS" starttime="20231207 12:13:47.468" endtime="20231207 12:13:47.474"/>
</kw>
<kw name="Capture Page Screenshot" library="SeleniumLibrary">
<arg>alert.png</arg>
<doc>Takes a screenshot of the current page and embeds it into a log file.</doc>
<msg timestamp="20231207 12:13:47.932" level="INFO" html="true">&lt;/td&gt;&lt;/tr&gt;&lt;tr&gt;&lt;td colspan="3"&gt;&lt;a href="alert.png"&gt;&lt;img src="alert.png" width="800px"&gt;&lt;/a&gt;</msg>
<status status="PASS" starttime="20231207 12:13:47.474" endtime="20231207 12:13:47.932"/>
</kw>
<status status="PASS" starttime="20231207 12:13:37.557" endtime="20231207 12:13:47.932"/>
</kw>
<kw name="Close Browser" library="SeleniumLibrary" type="TEARDOWN">
<doc>Closes the current browser.</doc>
<status status="PASS" starttime="20231207 12:13:47.933" endtime="20231207 12:13:51.309"/>
</kw>
<status status="PASS" starttime="20231207 12:13:31.380" endtime="20231207 12:13:51.310"/>
</test>
<test id="s1-t2" name="Log in to the system with invalid password" line="56">
<kw name="Open login page">
<kw name="Open Browser" library="SeleniumLibrary">
<arg>${LOGIN URL}</arg>
<arg>${BROWSER}</arg>
<doc>Opens a new browser instance to the optional ``url``.</doc>
<msg timestamp="20231207 12:13:51.322" level="INFO">Opening browser 'Chrome' to base url 'https://scouts-test.futbolkolektyw.pl/en'.</msg>
<status status="PASS" starttime="20231207 12:13:51.319" endtime="20231207 12:13:56.147"/>
</kw>
<kw name="Title Should Be" library="SeleniumLibrary">
<arg>Scouts panel - sign in</arg>
<doc>Verifies that the current page title equals ``title``.</doc>
<msg timestamp="20231207 12:13:56.159" level="INFO">Page title is 'Scouts panel - sign in'.</msg>
<status status="PASS" starttime="20231207 12:13:56.147" endtime="20231207 12:13:56.159"/>
</kw>
<status status="PASS" starttime="20231207 12:13:51.318" endtime="20231207 12:13:56.159"/>
</kw>
<kw name="Type in email">
<kw name="Input Text" library="SeleniumLibrary">
<arg>${EMAILINPUT}</arg>
<arg>user10@getnada.com</arg>
<doc>Types the given ``text`` into the text field identified by ``locator``.</doc>
<msg timestamp="20231207 12:13:56.161" level="INFO">Typing text 'user10@getnada.com' into text field 'xpath=//*[@id='login']'.</msg>
<status status="PASS" starttime="20231207 12:13:56.161" endtime="20231207 12:13:56.509"/>
</kw>
<status status="PASS" starttime="20231207 12:13:56.161" endtime="20231207 12:13:56.509"/>
</kw>
<kw name="Type in incorrect password">
<kw name="Input Text" library="SeleniumLibrary">
<arg>${PASSWORDINPUT}</arg>
<arg>Test-123456</arg>
<doc>Types the given ``text`` into the text field identified by ``locator``.</doc>
<msg timestamp="20231207 12:13:56.511" level="INFO">Typing text 'Test-123456' into text field 'xpath=//*[@id='password']'.</msg>
<status status="PASS" starttime="20231207 12:13:56.511" endtime="20231207 12:13:56.742"/>
</kw>
<status status="PASS" starttime="20231207 12:13:56.510" endtime="20231207 12:13:56.743"/>
</kw>
<kw name="Click on the Sign in button">
<kw name="Click Element" library="SeleniumLibrary">
<arg>${SIGNINBUTTON}</arg>
<doc>Click the element identified by ``locator``.</doc>
<msg timestamp="20231207 12:13:56.746" level="INFO">Clicking element 'xpath=//button/span[1]'.</msg>
<status status="PASS" starttime="20231207 12:13:56.744" endtime="20231207 12:13:56.854"/>
</kw>
<status status="PASS" starttime="20231207 12:13:56.744" endtime="20231207 12:13:56.854"/>
</kw>
<kw name="Assert password error">
<kw name="Wait Until Element Is Visible" library="SeleniumLibrary">
<arg>${INVALID DATA CAPTION}</arg>
<doc>Waits until the element ``locator`` is visible.</doc>
<status status="PASS" starttime="20231207 12:13:56.855" endtime="20231207 12:13:58.610"/>
</kw>
<kw name="Element Text Should Be" library="SeleniumLibrary">
<arg>${INVALID DATA CAPTION}</arg>
<arg>Identifier or password invalid.</arg>
<doc>Verifies that element ``locator`` contains exact the text ``expected``.</doc>
<msg timestamp="20231207 12:13:58.612" level="INFO">Verifying element 'xpath=//span[contains(@class, 'caption')]' contains exact text 'Identifier or password invalid.'.</msg>
<status status="PASS" starttime="20231207 12:13:58.611" endtime="20231207 12:13:58.645"/>
</kw>
<kw name="Capture Page Screenshot" library="SeleniumLibrary">
<arg>screenshots/login/password-error.png</arg>
<doc>Takes a screenshot of the current page and embeds it into a log file.</doc>
<msg timestamp="20231207 12:13:59.054" level="INFO" html="true">&lt;/td&gt;&lt;/tr&gt;&lt;tr&gt;&lt;td colspan="3"&gt;&lt;a href="screenshots/login/password-error.png"&gt;&lt;img src="screenshots/login/password-error.png" width="800px"&gt;&lt;/a&gt;</msg>
<status status="PASS" starttime="20231207 12:13:58.646" endtime="20231207 12:13:59.054"/>
</kw>
<status status="PASS" starttime="20231207 12:13:56.855" endtime="20231207 12:13:59.054"/>
</kw>
<kw name="Close Browser" library="SeleniumLibrary" type="TEARDOWN">
<doc>Closes the current browser.</doc>
<status status="PASS" starttime="20231207 12:13:59.055" endtime="20231207 12:14:01.381"/>
</kw>
<status status="PASS" starttime="20231207 12:13:51.315" endtime="20231207 12:14:01.383"/>
</test>
<test id="s1-t3" name="Log out of the system" line="64">
<kw name="Open login page">
<kw name="Open Browser" library="SeleniumLibrary">
<arg>${LOGIN URL}</arg>
<arg>${BROWSER}</arg>
<doc>Opens a new browser instance to the optional ``url``.</doc>
<msg timestamp="20231207 12:14:01.394" level="INFO">Opening browser 'Chrome' to base url 'https://scouts-test.futbolkolektyw.pl/en'.</msg>
<status status="PASS" starttime="20231207 12:14:01.392" endtime="20231207 12:14:06.005"/>
</kw>
<kw name="Title Should Be" library="SeleniumLibrary">
<arg>Scouts panel - sign in</arg>
<doc>Verifies that the current page title equals ``title``.</doc>
<msg timestamp="20231207 12:14:06.018" level="INFO">Page title is 'Scouts panel - sign in'.</msg>
<status status="PASS" starttime="20231207 12:14:06.005" endtime="20231207 12:14:06.019"/>
</kw>
<status status="PASS" starttime="20231207 12:14:01.390" endtime="20231207 12:14:06.019"/>
</kw>
<kw name="Type in email">
<kw name="Input Text" library="SeleniumLibrary">
<arg>${EMAILINPUT}</arg>
<arg>user10@getnada.com</arg>
<doc>Types the given ``text`` into the text field identified by ``locator``.</doc>
<msg timestamp="20231207 12:14:06.022" level="INFO">Typing text 'user10@getnada.com' into text field 'xpath=//*[@id='login']'.</msg>
<status status="PASS" starttime="20231207 12:14:06.021" endtime="20231207 12:14:06.324"/>
</kw>
<status status="PASS" starttime="20231207 12:14:06.019" endtime="20231207 12:14:06.325"/>
</kw>
<kw name="Type in password">
<kw name="Input Text" library="SeleniumLibrary">
<arg>${PASSWORDINPUT}</arg>
<arg>Test-1234</arg>
<doc>Types the given ``text`` into the text field identified by ``locator``.</doc>
<msg timestamp="20231207 12:14:06.328" level="INFO">Typing text 'Test-1234' into text field 'xpath=//*[@id='password']'.</msg>
<status status="PASS" starttime="20231207 12:14:06.327" endtime="20231207 12:14:06.526"/>
</kw>
<status status="PASS" starttime="20231207 12:14:06.327" endtime="20231207 12:14:06.526"/>
</kw>
<kw name="Click on the Sign in button">
<kw name="Click Element" library="SeleniumLibrary">
<arg>${SIGNINBUTTON}</arg>
<doc>Click the element identified by ``locator``.</doc>
<msg timestamp="20231207 12:14:06.529" level="INFO">Clicking element 'xpath=//button/span[1]'.</msg>
<status status="PASS" starttime="20231207 12:14:06.529" endtime="20231207 12:14:06.624"/>
</kw>
<status status="PASS" starttime="20231207 12:14:06.528" endtime="20231207 12:14:06.624"/>
</kw>
<kw name="Click on the Sign out button">
<kw name="Wait Until Element Is Visible" library="SeleniumLibrary">
<arg>${MAINPAGEBUTTON}</arg>
<arg>10s</arg>
<doc>Waits until the element ``locator`` is visible.</doc>
<status status="PASS" starttime="20231207 12:14:06.628" endtime="20231207 12:14:15.153"/>
</kw>
<kw name="Click Element" library="SeleniumLibrary">
<arg>${SIGNOUTBUTTON}</arg>
<doc>Click the element identified by ``locator``.</doc>
<msg timestamp="20231207 12:14:15.155" level="INFO">Clicking element 'xpath=//ul[2]//div[@role='button'][2]'.</msg>
<status status="PASS" starttime="20231207 12:14:15.153" endtime="20231207 12:14:15.251"/>
</kw>
<status status="PASS" starttime="20231207 12:14:06.628" endtime="20231207 12:14:15.251"/>
</kw>
<kw name="Assert login page">
<kw name="Wait Until Element Is Visible" library="SeleniumLibrary">
<arg>${LOGIN FORM}</arg>
<arg>10s</arg>
<doc>Waits until the element ``locator`` is visible.</doc>
<status status="PASS" starttime="20231207 12:14:15.252" endtime="20231207 12:14:15.305"/>
</kw>
<kw name="Title Should Be" library="SeleniumLibrary">
<arg>Scouts panel - sign in</arg>
<doc>Verifies that the current page title equals ``title``.</doc>
<msg timestamp="20231207 12:14:15.316" level="INFO">Page title is 'Scouts panel - sign in'.</msg>
<status status="PASS" starttime="20231207 12:14:15.305" endtime="20231207 12:14:15.316"/>
</kw>
<kw name="Capture Page Screenshot" library="SeleniumLibrary">
<arg>screenshots/login/login-page.png</arg>
<doc>Takes a screenshot of the current page and embeds it into a log file.</doc>
<msg timestamp="20231207 12:14:15.669" level="INFO" html="true">&lt;/td&gt;&lt;/tr&gt;&lt;tr&gt;&lt;td colspan="3"&gt;&lt;a href="screenshots/login/login-page.png"&gt;&lt;img src="screenshots/login/login-page.png" width="800px"&gt;&lt;/a&gt;</msg>
<status status="PASS" starttime="20231207 12:14:15.316" endtime="20231207 12:14:15.669"/>
</kw>
<status status="PASS" starttime="20231207 12:14:15.251" endtime="20231207 12:14:15.669"/>
</kw>
<kw name="Close Browser" library="SeleniumLibrary" type="TEARDOWN">
<doc>Closes the current browser.</doc>
<status status="PASS" starttime="20231207 12:14:15.671" endtime="20231207 12:14:18.029"/>
</kw>
<status status="PASS" starttime="20231207 12:14:01.388" endtime="20231207 12:14:18.031"/>
</test>
<test id="s1-t4" name="Change language to Polish" line="73">
<kw name="Open login page">
<kw name="Open Browser" library="SeleniumLibrary">
<arg>${LOGIN URL}</arg>
<arg>${BROWSER}</arg>
<doc>Opens a new browser instance to the optional ``url``.</doc>
<msg timestamp="20231207 12:14:18.046" level="INFO">Opening browser 'Chrome' to base url 'https://scouts-test.futbolkolektyw.pl/en'.</msg>
<status status="PASS" starttime="20231207 12:14:18.042" endtime="20231207 12:14:22.873"/>
</kw>
<kw name="Title Should Be" library="SeleniumLibrary">
<arg>Scouts panel - sign in</arg>
<doc>Verifies that the current page title equals ``title``.</doc>
<msg timestamp="20231207 12:14:22.885" level="INFO">Page title is 'Scouts panel - sign in'.</msg>
<status status="PASS" starttime="20231207 12:14:22.873" endtime="20231207 12:14:22.886"/>
</kw>
<status status="PASS" starttime="20231207 12:14:18.041" endtime="20231207 12:14:22.886"/>
</kw>
<kw name="Click on the Change language button">
<kw name="Click Element" library="SeleniumLibrary">
<arg>${LANGUAGELISTBOX}</arg>
<doc>Click the element identified by ``locator``.</doc>
<msg timestamp="20231207 12:14:22.888" level="INFO">Clicking element 'xpath=//div[2]/div/div'.</msg>
<status status="PASS" starttime="20231207 12:14:22.887" endtime="20231207 12:14:23.001"/>
</kw>
<kw name="Click Element" library="SeleniumLibrary">
<arg>${POLSKIOPTIONBUTTON}</arg>
<doc>Click the element identified by ``locator``.</doc>
<msg timestamp="20231207 12:14:23.001" level="INFO">Clicking element 'xpath=//div[3]/ul/li[1]'.</msg>
<status status="PASS" starttime="20231207 12:14:23.001" endtime="20231207 12:14:23.143"/>
</kw>
<status status="PASS" starttime="20231207 12:14:22.886" endtime="20231207 12:14:23.143"/>
</kw>
<kw name="Assert language change">
<kw name="Wait Until Element Is Visible" library="SeleniumLibrary">
<arg>${SIGNINBUTTON}</arg>
<doc>Waits until the element ``locator`` is visible.</doc>
<status status="PASS" starttime="20231207 12:14:23.145" endtime="20231207 12:14:23.196"/>
</kw>
<kw name="Title Should Be" library="SeleniumLibrary">
<arg>Scouts panel - zaloguj</arg>
<doc>Verifies that the current page title equals ``title``.</doc>
<msg timestamp="20231207 12:14:23.208" level="INFO">Page title is 'Scouts panel - zaloguj'.</msg>
<status status="PASS" starttime="20231207 12:14:23.196" endtime="20231207 12:14:23.208"/>
</kw>
<status status="PASS" starttime="20231207 12:14:23.145" endtime="20231207 12:14:23.208"/>
</kw>
<kw name="Close Browser" library="SeleniumLibrary" type="TEARDOWN">
<doc>Closes the current browser.</doc>
<status status="PASS" starttime="20231207 12:14:23.209" endtime="20231207 12:14:25.556"/>
</kw>
<status status="PASS" starttime="20231207 12:14:18.037" endtime="20231207 12:14:25.557"/>
</test>
<test id="s1-t5" name="Add player" line="79">
<kw name="Open login page">
<kw name="Open Browser" library="SeleniumLibrary">
<arg>${LOGIN URL}</arg>
<arg>${BROWSER}</arg>
<doc>Opens a new browser instance to the optional ``url``.</doc>
<msg timestamp="20231207 12:14:25.570" level="INFO">Opening browser 'Chrome' to base url 'https://scouts-test.futbolkolektyw.pl/en'.</msg>
<status status="PASS" starttime="20231207 12:14:25.567" endtime="20231207 12:14:30.242"/>
</kw>
<kw name="Title Should Be" library="SeleniumLibrary">
<arg>Scouts panel - sign in</arg>
<doc>Verifies that the current page title equals ``title``.</doc>
<msg timestamp="20231207 12:14:30.256" level="INFO">Page title is 'Scouts panel - sign in'.</msg>
<status status="PASS" starttime="20231207 12:14:30.242" endtime="20231207 12:14:30.256"/>
</kw>
<status status="PASS" starttime="20231207 12:14:25.566" endtime="20231207 12:14:30.256"/>
</kw>
<kw name="Type in email">
<kw name="Input Text" library="SeleniumLibrary">
<arg>${EMAILINPUT}</arg>
<arg>user10@getnada.com</arg>
<doc>Types the given ``text`` into the text field identified by ``locator``.</doc>
<msg timestamp="20231207 12:14:30.258" level="INFO">Typing text 'user10@getnada.com' into text field 'xpath=//*[@id='login']'.</msg>
<status status="PASS" starttime="20231207 12:14:30.257" endtime="20231207 12:14:30.634"/>
</kw>
<status status="PASS" starttime="20231207 12:14:30.257" endtime="20231207 12:14:30.634"/>
</kw>
<kw name="Type in password">
<kw name="Input Text" library="SeleniumLibrary">
<arg>${PASSWORDINPUT}</arg>
<arg>Test-1234</arg>
<doc>Types the given ``text`` into the text field identified by ``locator``.</doc>
<msg timestamp="20231207 12:14:30.636" level="INFO">Typing text 'Test-1234' into text field 'xpath=//*[@id='password']'.</msg>
<status status="PASS" starttime="20231207 12:14:30.636" endtime="20231207 12:14:30.861"/>
</kw>
<status status="PASS" starttime="20231207 12:14:30.635" endtime="20231207 12:14:30.861"/>
</kw>
<kw name="Click on the Sign in button">
<kw name="Click Element" library="SeleniumLibrary">
<arg>${SIGNINBUTTON}</arg>
<doc>Click the element identified by ``locator``.</doc>
<msg timestamp="20231207 12:14:30.863" level="INFO">Clicking element 'xpath=//button/span[1]'.</msg>
<status status="PASS" starttime="20231207 12:14:30.862" endtime="20231207 12:14:31.001"/>
</kw>
<status status="PASS" starttime="20231207 12:14:30.862" endtime="20231207 12:14:31.001"/>
</kw>
<kw name="Click On Add Player Button">
<kw name="Wait Until Element Is Visible" library="SeleniumLibrary">
<arg>${ADDPLAYERBUTTON}</arg>
<arg>10s</arg>
<doc>Waits until the element ``locator`` is visible.</doc>
<status status="PASS" starttime="20231207 12:14:31.004" endtime="20231207 12:14:40.119"/>
</kw>
<kw name="Click Element" library="SeleniumLibrary">
<arg>${ADDPLAYERBUTTON}</arg>
<doc>Click the element identified by ``locator``.</doc>
<msg timestamp="20231207 12:14:40.120" level="INFO">Clicking element 'xpath=//*[(text()='Add player')]'.</msg>
<status status="PASS" starttime="20231207 12:14:40.120" endtime="20231207 12:14:40.191"/>
</kw>
<status status="PASS" starttime="20231207 12:14:31.002" endtime="20231207 12:14:40.191"/>
</kw>
<kw name="Type In Players Email">
<kw name="Wait Until Element Is Visible" library="SeleniumLibrary">
<arg>${PLAYEREMAILINPUT}</arg>
<doc>Waits until the element ``locator`` is visible.</doc>
<status status="PASS" starttime="20231207 12:14:40.192" endtime="20231207 12:14:41.242"/>
</kw>
<kw name="Input Text" library="SeleniumLibrary">
<arg>${PLAYEREMAILINPUT}</arg>
<arg>John.test@test.com</arg>
<doc>Types the given ``text`` into the text field identified by ``locator``.</doc>
<msg timestamp="20231207 12:14:41.242" level="INFO">Typing text 'John.test@test.com' into text field 'xpath=//*[@name='email']'.</msg>
<status status="PASS" starttime="20231207 12:14:41.242" endtime="20231207 12:14:41.485"/>
</kw>
<status status="PASS" starttime="20231207 12:14:40.191" endtime="20231207 12:14:41.485"/>
</kw>
<kw name="Type In Name">
<kw name="Input Text" library="SeleniumLibrary">
<arg>${NAMEINPUT}</arg>
<arg>John</arg>
<doc>Types the given ``text`` into the text field identified by ``locator``.</doc>
<msg timestamp="20231207 12:14:41.487" level="INFO">Typing text 'John' into text field 'xpath=//*[@name='name']'.</msg>
<status status="PASS" starttime="20231207 12:14:41.486" endtime="20231207 12:14:41.680"/>
</kw>
<status status="PASS" starttime="20231207 12:14:41.485" endtime="20231207 12:14:41.680"/>
</kw>
<kw name="Type In Surname">
<kw name="Input Text" library="SeleniumLibrary">
<arg>${SURNAMEINPUT}</arg>
<arg>Smith</arg>
<doc>Types the given ``text`` into the text field identified by ``locator``.</doc>
<msg timestamp="20231207 12:14:41.682" level="INFO">Typing text 'Smith' into text field 'xpath=//*[@name='surname']'.</msg>
<status status="PASS" starttime="20231207 12:14:41.681" endtime="20231207 12:14:41.949"/>
</kw>
<status status="PASS" starttime="20231207 12:14:41.680" endtime="20231207 12:14:41.949"/>
</kw>
<kw name="Type In Phone">
<kw name="Input Text" library="SeleniumLibrary">
<arg>${PHONEINPUT}</arg>
<arg>99999999</arg>
<doc>Types the given ``text`` into the text field identified by ``locator``.</doc>
<msg timestamp="20231207 12:14:41.951" level="INFO">Typing text '99999999' into text field 'xpath=//*[@name='phone']'.</msg>
<status status="PASS" starttime="20231207 12:14:41.950" endtime="20231207 12:14:42.183"/>
</kw>
<status status="PASS" starttime="20231207 12:14:41.950" endtime="20231207 12:14:42.183"/>
</kw>
<kw name="Type In Weight">
<kw name="Input Text" library="SeleniumLibrary">
<arg>${WEIGHTIPUT}</arg>
<arg>64</arg>
<doc>Types the given ``text`` into the text field identified by ``locator``.</doc>
<msg timestamp="20231207 12:14:42.186" level="INFO">Typing text '64' into text field 'xpath=//*[@name='weight']'.</msg>
<status status="PASS" starttime="20231207 12:14:42.185" endtime="20231207 12:14:42.364"/>
</kw>
<status status="PASS" starttime="20231207 12:14:42.184" endtime="20231207 12:14:42.364"/>
</kw>
<kw name="Type In Height">
<kw name="Input Text" library="SeleniumLibrary">
<arg>${HEIGHTINPUT}</arg>
<arg>178</arg>
<doc>Types the given ``text`` into the text field identified by ``locator``.</doc>
<msg timestamp="20231207 12:14:42.366" level="INFO">Typing text '178' into text field 'xpath=//*[@name='height']'.</msg>
<status status="PASS" starttime="20231207 12:14:42.365" endtime="20231207 12:14:42.524"/>
</kw>
<status status="PASS" starttime="20231207 12:14:42.364" endtime="20231207 12:14:42.524"/>
</kw>
<kw name="Type In Age">
<kw name="Input Text" library="SeleniumLibrary">
<arg>${AGEINPUT}</arg>
<arg>01.01.1999</arg>
<doc>Types the given ``text`` into the text field identified by ``locator``.</doc>
<msg timestamp="20231207 12:14:42.525" level="INFO">Typing text '01.01.1999' into text field 'xpath=//*[@name='age']'.</msg>
<status status="PASS" starttime="20231207 12:14:42.525" endtime="20231207 12:14:42.766"/>
</kw>
<status status="PASS" starttime="20231207 12:14:42.524" endtime="20231207 12:14:42.766"/>
</kw>
<kw name="Select Leg">
<kw name="Click Element" library="SeleniumLibrary">
<arg>${LEGDROPDOWN}</arg>
<doc>Click the element identified by ``locator``.</doc>
<msg timestamp="20231207 12:14:42.768" level="INFO">Clicking element 'xpath=//*[@id='mui-component-select-leg']'.</msg>
<status status="PASS" starttime="20231207 12:14:42.767" endtime="20231207 12:14:42.883"/>
</kw>
<kw name="Wait Until Element Is Visible" library="SeleniumLibrary">
<arg>${RIGHTLEG}</arg>
<doc>Waits until the element ``locator`` is visible.</doc>
<status status="PASS" starttime="20231207 12:14:42.883" endtime="20231207 12:14:42.932"/>
</kw>
<kw name="Click Element" library="SeleniumLibrary">
<arg>${RIGHTLEG}</arg>
<doc>Click the element identified by ``locator``.</doc>
<msg timestamp="20231207 12:14:42.932" level="INFO">Clicking element 'xpath=//li[1]'.</msg>
<status status="PASS" starttime="20231207 12:14:42.932" endtime="20231207 12:14:43.032"/>
</kw>
<status status="PASS" starttime="20231207 12:14:42.766" endtime="20231207 12:14:43.032"/>
</kw>
<kw name="Type In Club">
<kw name="Input Text" library="SeleniumLibrary">
<arg>${CLUBINPUT}</arg>
<arg>FC Barca</arg>
<doc>Types the given ``text`` into the text field identified by ``locator``.</doc>
<msg timestamp="20231207 12:14:43.035" level="INFO">Typing text 'FC Barca' into text field 'xpath=//*[@name='club']'.</msg>
<status status="PASS" starttime="20231207 12:14:43.034" endtime="20231207 12:14:43.263"/>
</kw>
<status status="PASS" starttime="20231207 12:14:43.033" endtime="20231207 12:14:43.263"/>
</kw>
<kw name="Type In Level">
<kw name="Input Text" library="SeleniumLibrary">
<arg>${LEVELINPUT}</arg>
<arg>5</arg>
<doc>Types the given ``text`` into the text field identified by ``locator``.</doc>
<msg timestamp="20231207 12:14:43.266" level="INFO">Typing text '5' into text field 'xpath=//*[@name='level']'.</msg>
<status status="PASS" starttime="20231207 12:14:43.264" endtime="20231207 12:14:43.444"/>
</kw>
<status status="PASS" starttime="20231207 12:14:43.264" endtime="20231207 12:14:43.444"/>
</kw>
<kw name="Type In Main Position">
<kw name="Input Text" library="SeleniumLibrary">
<arg>${MAINPOSITIONINPUT}</arg>
<arg>goalkeeper</arg>
<doc>Types the given ``text`` into the text field identified by ``locator``.</doc>
<msg timestamp="20231207 12:14:43.446" level="INFO">Typing text 'goalkeeper' into text field 'xpath=//*[@name='mainPosition']'.</msg>
<status status="PASS" starttime="20231207 12:14:43.445" endtime="20231207 12:14:43.656"/>
</kw>
<status status="PASS" starttime="20231207 12:14:43.444" endtime="20231207 12:14:43.656"/>
</kw>
<kw name="Type In Second Position">
<kw name="Input Text" library="SeleniumLibrary">
<arg>${SECONDPOSITIONINPUT}</arg>
<arg>Striker</arg>
<doc>Types the given ``text`` into the text field identified by ``locator``.</doc>
<msg timestamp="20231207 12:14:43.658" level="INFO">Typing text 'Striker' into text field 'xpath=//*[@name='secondPosition']'.</msg>
<status status="PASS" starttime="20231207 12:14:43.657" endtime="20231207 12:14:43.859"/>
</kw>
<status status="PASS" starttime="20231207 12:14:43.657" endtime="20231207 12:14:43.859"/>
</kw>
<kw name="Select District">
<kw name="Click Element" library="SeleniumLibrary">
<arg>${DISTRICTDROPDOWN}</arg>
<doc>Click the element identified by ``locator``.</doc>
<msg timestamp="20231207 12:14:43.861" level="INFO">Clicking element 'xpath=//*[@id='mui-component-select-district']'.</msg>
<status status="PASS" starttime="20231207 12:14:43.860" endtime="20231207 12:14:43.992"/>
</kw>
<kw name="Wait Until Element Is Visible" library="SeleniumLibrary">
<arg>${SILESIADISTRICT}</arg>
<doc>Waits until the element ``locator`` is visible.</doc>
<status status="PASS" starttime="20231207 12:14:43.992" endtime="20231207 12:14:44.066"/>
</kw>
<kw name="Click Element" library="SeleniumLibrary">
<arg>${SILESIADISTRICT}</arg>
<doc>Click the element identified by ``locator``.</doc>
<msg timestamp="20231207 12:14:44.068" level="INFO">Clicking element 'xpath=//*[@data-value='slaskie']'.</msg>
<status status="PASS" starttime="20231207 12:14:44.066" endtime="20231207 12:14:44.185"/>
</kw>
<status status="PASS" starttime="20231207 12:14:43.860" endtime="20231207 12:14:44.185"/>
</kw>
<kw name="Type In Achievements">
<kw name="Input Text" library="SeleniumLibrary">
<arg>${ACHIEVEMENTSINPUT}</arg>
<arg>NA</arg>
<doc>Types the given ``text`` into the text field identified by ``locator``.</doc>
<msg timestamp="20231207 12:14:44.188" level="INFO">Typing text 'NA' into text field 'xpath=//*[@name='achievements']'.</msg>
<status status="PASS" starttime="20231207 12:14:44.187" endtime="20231207 12:14:44.448"/>
</kw>
<status status="PASS" starttime="20231207 12:14:44.186" endtime="20231207 12:14:44.448"/>
</kw>
<kw name="Click On Add Language Button">
<kw name="Click Element" library="SeleniumLibrary">
<arg>${ADDLANGUAGEBUTTON}</arg>
<doc>Click the element identified by ``locator``.</doc>
<msg timestamp="20231207 12:14:44.451" level="INFO">Clicking element 'xpath=//*/div[2]/div/div[15]/button'.</msg>
<status status="PASS" starttime="20231207 12:14:44.450" endtime="20231207 12:14:44.621"/>
</kw>
<status status="PASS" starttime="20231207 12:14:44.448" endtime="20231207 12:14:44.621"/>
</kw>
<kw name="Type In Language">
<kw name="Input Text" library="SeleniumLibrary">
<arg>${LANGUAGEINPUT}</arg>
<arg>English</arg>
<doc>Types the given ``text`` into the text field identified by ``locator``.</doc>
<msg timestamp="20231207 12:14:44.627" level="INFO">Typing text 'English' into text field 'xpath=//*/div[15]/div/div/div/input'.</msg>
<status status="PASS" starttime="20231207 12:14:44.626" endtime="20231207 12:14:44.876"/>
</kw>
<status status="PASS" starttime="20231207 12:14:44.625" endtime="20231207 12:14:44.877"/>
</kw>
<kw name="Type In Laczy Nas Pilka">
<kw name="Input Text" library="SeleniumLibrary">
<arg>${LACZYNASPILKAINPUT}</arg>
<arg>www.laczynaspilka.pl</arg>
<doc>Types the given ``text`` into the text field identified by ``locator``.</doc>
<msg timestamp="20231207 12:14:44.879" level="INFO">Typing text 'www.laczynaspilka.pl' into text field 'xpath=//*[@name='webLaczy']'.</msg>
<status status="PASS" starttime="20231207 12:14:44.878" endtime="20231207 12:14:45.314"/>
</kw>
<status status="PASS" starttime="20231207 12:14:44.878" endtime="20231207 12:14:45.314"/>
</kw>
<kw name="Type In 90 Minut">
<kw name="Input Text" library="SeleniumLibrary">
<arg>${DZIEWIECDZIESIATMINUTINPUT}</arg>
<arg>www.90minut.pl</arg>
<doc>Types the given ``text`` into the text field identified by ``locator``.</doc>
<msg timestamp="20231207 12:14:45.317" level="INFO">Typing text 'www.90minut.pl' into text field 'xpath=//*[@name='web90']'.</msg>
<status status="PASS" starttime="20231207 12:14:45.316" endtime="20231207 12:14:45.562"/>
</kw>
<status status="PASS" starttime="20231207 12:14:45.316" endtime="20231207 12:14:45.563"/>
</kw>
<kw name="Type In Facebook">
<kw name="Input Text" library="SeleniumLibrary">
<arg>${FACEBOOKINPUT}</arg>
<arg>www.facebook.com</arg>
<doc>Types the given ``text`` into the text field identified by ``locator``.</doc>
<msg timestamp="20231207 12:14:45.566" level="INFO">Typing text 'www.facebook.com' into text field 'xpath=//*[@name='webFB']'.</msg>
<status status="PASS" starttime="20231207 12:14:45.563" endtime="20231207 12:14:45.802"/>
</kw>
<status status="PASS" starttime="20231207 12:14:45.563" endtime="20231207 12:14:45.802"/>
</kw>
<kw name="Click On Add Link To Youtube Button">
<kw name="Click Element" library="SeleniumLibrary">
<arg>${ADDLINKTOYOUTUBEBUTTON}</arg>
<doc>Click the element identified by ``locator``.</doc>
<msg timestamp="20231207 12:14:45.804" level="INFO">Clicking element 'xpath=//*/div[2]/div/div[19]/button'.</msg>
<status status="PASS" starttime="20231207 12:14:45.803" endtime="20231207 12:14:45.949"/>
</kw>
<status status="PASS" starttime="20231207 12:14:45.802" endtime="20231207 12:14:45.949"/>
</kw>
<kw name="Type In Link To Youtube">
<kw name="Input Text" library="SeleniumLibrary">
<arg>${LINKTOYOUTUBEINPUT}</arg>
<arg>www.youtube.com</arg>
<doc>Types the given ``text`` into the text field identified by ``locator``.</doc>
<msg timestamp="20231207 12:14:45.953" level="INFO">Typing text 'www.youtube.com' into text field 'xpath=//*/div[19]/div/div/div/input'.</msg>
<status status="PASS" starttime="20231207 12:14:45.952" endtime="20231207 12:14:46.211"/>
</kw>
<status status="PASS" starttime="20231207 12:14:45.951" endtime="20231207 12:14:46.211"/>
</kw>
<kw name="Click On Submit Button">
<kw name="Click Element" library="SeleniumLibrary">
<arg>${SUBMITBUTTON}</arg>
<doc>Click the element identified by ``locator``.</doc>
<msg timestamp="20231207 12:14:46.213" level="INFO">Clicking element 'xpath=//*[@type='submit']'.</msg>
<status status="PASS" starttime="20231207 12:14:46.212" endtime="20231207 12:14:46.396"/>
</kw>
<status status="PASS" starttime="20231207 12:14:46.212" endtime="20231207 12:14:46.396"/>
</kw>
<kw name="Assert Edit Page">
<kw name="Wait Until Location Is Not" library="SeleniumLibrary">
<arg>https://scouts-test.futbolkolektyw.pl/en/players/add</arg>
<doc>Waits until the current URL is not ``location``.</doc>
<status status="PASS" starttime="20231207 12:14:46.398" endtime="20231207 12:14:47.745"/>
</kw>
<kw name="Title Should Be" library="SeleniumLibrary">
<arg>Edit player John Smith</arg>
<doc>Verifies that the current page title equals ``title``.</doc>
<msg timestamp="20231207 12:14:47.756" level="INFO">Page title is 'Edit player John Smith'.</msg>
<status status="PASS" starttime="20231207 12:14:47.746" endtime="20231207 12:14:47.756"/>
</kw>
<kw name="Capture Page Screenshot" library="SeleniumLibrary">
<arg>alert.png</arg>
<doc>Takes a screenshot of the current page and embeds it into a log file.</doc>
<msg timestamp="20231207 12:14:48.326" level="INFO" html="true">&lt;/td&gt;&lt;/tr&gt;&lt;tr&gt;&lt;td colspan="3"&gt;&lt;a href="alert.png"&gt;&lt;img src="alert.png" width="800px"&gt;&lt;/a&gt;</msg>
<status status="PASS" starttime="20231207 12:14:47.756" endtime="20231207 12:14:48.327"/>
</kw>
<status status="PASS" starttime="20231207 12:14:46.397" endtime="20231207 12:14:48.327"/>
</kw>
<kw name="Close Browser" library="SeleniumLibrary" type="TEARDOWN">
<doc>Closes the current browser.</doc>
<status status="PASS" starttime="20231207 12:14:48.327" endtime="20231207 12:14:51.398"/>
</kw>
<status status="PASS" starttime="20231207 12:14:25.563" endtime="20231207 12:14:51.399"/>
</test>
<doc>Suite description #automated tests for scout website</doc>
<status status="PASS" starttime="20231207 12:13:30.974" endtime="20231207 12:14:51.406"/>
</suite>
<statistics>
<total>
<stat pass="5" fail="0" skip="0">All Tests</stat>
</total>
<tag>
</tag>
<suite>
<stat pass="5" fail="0" skip="0" id="s1" name="Test Login Rf">Test Login Rf</stat>
</suite>
</statistics>
<errors>
</errors>
</robot>
